%%%%%%%%%%%%%%%%%%%%%%%%%%%%%%%%%%%%%%%%%%%%%%%%%%
%%%%%%SP3DTrain Catalog DATABASE RESTORE%%%%%%
%%%%%%%%%%%%%%%%%%%%%%%%%%%%%%%%%%%%%%%%%%%%%%%%%%
****** RESULTS OF RESTORE CATALOG DATABASE AND SCHEMA ******
ÿþ1> 2> 3> 10 percent processed.
20 percent processed.
30 percent processed.
40 percent processed.
50 percent processed.
60 percent processed.
70 percent processed.
80 percent processed.
90 percent processed.
100 percent processed.
Processed 66032 pages for database 'SP3DTrain_CDB'
file 'catalogdb'
on file 1.
Processed 2 pages for database 'SP3DTrain_CDB'
file 'catalogdb_log'
on file 1.
RESTORE DATABASE successfully processed 66034 pages in 23.950 seconds
(21.540 MB/sec).
10 percent processed.
20 percent processed.
30 percent processed.
40 percent processed.
50 percent processed.
60 percent processed.
70 percent processed.
80 percent processed.
90 percent processed.
100 percent processed.
Processed 12192 pages for database 'SP3DTrain_CDB_SCHEMA'
file
'APPREPOS' on file 2.
Processed 1 pages for database 'SP3DTrain_CDB_SCHEMA'
file
'APPREPOS_log' on file 2.
RESTORE DATABASE successfully processed 12193 pages in 4.403 seconds
(21.633 MB/sec).
 
%%%%%%%%%%%%%%%%%%%%%%%%%%%%%%%%%%%%%%%%%%%%%%%%%%
%%%%%%SP3DTrain Model DATABASE RESTORE%%%%%%
%%%%%%%%%%%%%%%%%%%%%%%%%%%%%%%%%%%%%%%%%%%%%%%%%%
****** RESULTS OF RESTORE MODEL DATABASE ******
ÿþ1> 2> 10 percent processed.
20 percent processed.
30 percent processed.
40 percent processed.
50 percent processed.
60 percent processed.
70 percent processed.
80 percent processed.
90 percent processed.
100 percent processed.
Processed 23984 pages for database 'SP3DTrain_MDB'
file
'SP3DTrain_MDB' on file 1.
Processed 6 pages for database 'SP3DTrain_MDB'
file
'SP3DTrain_MDB_log' on file 1.
RESTORE DATABASE successfully processed 23990 pages in 9.798 seconds
(19.128 MB/sec).
 
